IQ-TREE multicore version 1.3.11.1 for Linux 64-bit built Feb  1 2016
Copyright (c) 2011-2015 Nguyen Lam Tung, Olga Chernomor, Arndt von Haeseler and Bui Quang Minh.

Host:    Onua-Nuva (AVX2, FMA3, 7 GB RAM)
Command: iqtree-omp -s chopped_snps.fasta -m HKY+G4+I -bb 1000 -nt 4
Seed:    722122 (Using SPRNG - Scalable Parallel Random Number Generator)
Time:    Mon Jun 19 14:48:00 2017
Kernel:  AVX - 4 threads (4 CPU cores detected)

Reading alignment file chopped_snps.fasta ... Fasta format detected
Alignment most likely contains DNA/RNA sequences
Alignment has 21 sequences with 738 columns and 53 patterns (27 informative sites)
                  Gap/Ambiguity  Composition  p-value
   1  Common_Rosefinch    0.00%    passed     99.20%
   2  Poouli              0.00%    passed     97.79%
   3  Maui_Creeper        0.00%    passed     99.34%
   4  Kauai_Creeper       0.00%    passed     98.69%
   5  Palila              0.00%    passed     99.91%
   6  Nihoa_Finch         0.00%    passed     99.10%
   7  Laysan_Finch        0.00%    passed     98.04%
   8  Iiwi                0.00%    passed     98.56%
   9  Akohekohe           0.00%    passed     99.77%
  10  Apapane             0.00%    passed     99.90%
  11  Akiapolaau          0.00%    passed     99.91%
  12  Maui_Parrotbill     0.00%    passed     99.38%
  13  Anianiau            0.00%    passed     99.71%
  14  Hawaii_Creeper      0.00%    passed    100.00%
  15  Kauai_Akepa         0.00%    passed     98.29%
  16  Akepa               0.00%    passed    100.00%
  17  Kauai_Amakihi       0.00%    passed     99.74%
  18  Oahu_Amakihi        0.00%    passed     99.95%
  19  Maui_Amakihi        0.00%    passed     99.88%
  20  Hawaii_AmakihiA     0.00%    passed     99.88%
  21  Hawaii_AmakihiB     0.00%    passed     99.88%
****  TOTAL               0.00%  0 sequences failed composition chi2 test (p-value<5%; df=3)
NOTE: 1 identical sequences will be ignored during tree search

Create initial parsimony tree by phylogenetic likelihood library (PLL)... 0.000 seconds
Generating 1000 samples for ultrafast bootstrap...
Max candidate trees (tau): 2000

NOTE: 0 MB RAM is required!
Estimate model parameters (epsilon = 0.100)
1. Initial log-likelihood: -1640.167
2. Current log-likelihood: -1594.223
3. Current log-likelihood: -1594.106
Optimal log-likelihood: -1594.106
Rate parameters:  A-C: 1.000  A-G: 2.046  A-T: 1.000  C-G: 1.000  C-T: 2.046  G-T: 1.000
Base frequencies:   A: 0.263  C: 0.239  G: 0.237  T: 0.261
Proportion of invariable sites: 0.638
Gamma shape alpha: 0.020
Parameters optimization took 3 rounds (0.035 sec)

--------------------------------------------------------------------
|             INITIALIZING CANDIDATE TREE SET                      |
--------------------------------------------------------------------
Computing ML distances based on estimated model parameters... 0.008 sec
Computing BIONJ tree...
0.000 seconds
Log-likelihood of BIONJ tree: -1591.745
Generating 98 parsimony trees... 0.059 seconds 99 distinct starting trees
Computing log-likelihood of 99 initial trees ... 0.181 seconds
Optimizing top 20 initial trees with NNI...
Iteration 1 / LogL: -1591.047 / Time: 0h:0m:0s
Estimate model parameters (epsilon = 0.100)
BETTER TREE FOUND at iteration 1: -1590.880
Iteration 2 / LogL: -1591.470 / Time: 0h:0m:0s
Iteration 3 / LogL: -1590.878 / Time: 0h:0m:0s
Iteration 4 / LogL: -1591.693 / Time: 0h:0m:0s
Iteration 5 / LogL: -1590.947 / Time: 0h:0m:0s
Iteration 6 / LogL: -1590.946 / Time: 0h:0m:0s
Iteration 7 / LogL: -1590.910 / Time: 0h:0m:0s
Iteration 8 / LogL: -1590.880 / Time: 0h:0m:0s
Iteration 9 / LogL: -1590.910 / Time: 0h:0m:0s
Iteration 10 / LogL: -1590.910 / Time: 0h:0m:0s
Iteration 11 / LogL: -1590.910 / Time: 0h:0m:0s
Iteration 12 / LogL: -1592.274 / Time: 0h:0m:0s
Iteration 13 / LogL: -1590.880 / Time: 0h:0m:0s
Iteration 14 / LogL: -1591.722 / Time: 0h:0m:0s
Iteration 15 / LogL: -1590.948 / Time: 0h:0m:0s
Iteration 16 / LogL: -1590.882 / Time: 0h:0m:0s
Iteration 17 / LogL: -1593.455 / Time: 0h:0m:0s
Iteration 18 / LogL: -1593.502 / Time: 0h:0m:0s
Iteration 19 / LogL: -1590.880 / Time: 0h:0m:0s
Iteration 20 / LogL: -1592.805 / Time: 0h:0m:0s
Average CPU time for 1 NNI search: 0.043
Finish initializing candidate tree set. Number of distinct locally optimal trees: 15
Current best tree score: -1590.878 / CPU time: 1.624
--------------------------------------------------------------------
|               OPTIMIZING CANDIDATE TREE SET                      |
--------------------------------------------------------------------
Iteration 30 / LogL: -1590.885 / Time: 0h:0m:0s (0h:0m:1s left)
Iteration 40 / LogL: -1611.814 / Time: 0h:0m:0s (0h:0m:1s left)
Iteration 50 / LogL: -1595.931 / Time: 0h:0m:0s (0h:0m:0s left)
NOTE: 1834 bootstrap candidate trees evaluated (logl-cutoff: -1594.681)
Iteration 60 / LogL: -1590.880 / Time: 0h:0m:1s (0h:0m:0s left)
Iteration 70 / LogL: -1590.879 / Time: 0h:0m:1s (0h:0m:0s left)
Iteration 80 / LogL: -1593.557 / Time: 0h:0m:1s (0h:0m:0s left)
Iteration 90 / LogL: -1590.878 / Time: 0h:0m:1s (0h:0m:0s left)
Iteration 100 / LogL: -1590.878 / Time: 0h:0m:1s (0h:0m:0s left)
NOTE: 4406 bootstrap candidate trees evaluated (logl-cutoff: -1599.993)
NOTE: Bootstrap correlation coefficient of split occurrence frequencies: 0.991
TREE SEARCH COMPLETED AFTER 101 ITERATIONS / Time: 0h:0m:1s

--------------------------------------------------------------------
|                    FINALIZING TREE SEARCH                        |
--------------------------------------------------------------------
Performs final model parameters optimization
Estimate model parameters (epsilon = 0.010)
1. Initial log-likelihood: -1590.878
2. Current log-likelihood: -1590.854
3. Current log-likelihood: -1590.833
4. Current log-likelihood: -1590.818
5. Current log-likelihood: -1590.807
Optimal log-likelihood: -1590.798
Rate parameters:  A-C: 1.000  A-G: 2.260  A-T: 1.000  C-G: 1.000  C-T: 2.260  G-T: 1.000
Base frequencies:   A: 0.263  C: 0.239  G: 0.237  T: 0.261
Proportion of invariable sites: 0.681
Gamma shape alpha: 0.130
Parameters optimization took 5 rounds (0.048 sec)

BEST SCORE FOUND : -1590.798
Creating bootstrap support values...
Split supports printed to NEXUS file chopped_snps.fasta.splits.nex
Total tree length: 0.134

Total number of iterations: 101
CPU time used for tree search: 5.776 sec (0h:0m:5s)
Wall-clock time used for tree search: 1.647 sec (0h:0m:1s)
Total CPU time used: 6.200 sec (0h:0m:6s)
Total wall-clock time used: 1.828 sec (0h:0m:1s)

Computing bootstrap consensus tree...
Reading input file chopped_snps.fasta.splits.nex...
20 taxa and 162 splits.
Consensus tree written to chopped_snps.fasta.contree
Log-likelihood of consensus tree: -1590.801
Reading input trees file chopped_snps.fasta.contree

Analysis results written to: 
  IQ-TREE report:                chopped_snps.fasta.iqtree
  Maximum-likelihood tree:       chopped_snps.fasta.treefile
  Likelihood distances:          chopped_snps.fasta.mldist

Ultrafast bootstrap approximation results written to:
  Split support values:          chopped_snps.fasta.splits.nex
  Consensus tree:                chopped_snps.fasta.contree
  Screen log file:               chopped_snps.fasta.log

Date and Time: Mon Jun 19 14:48:02 2017
