IQ-TREE multicore version 1.3.11.1 for Linux 64-bit built Feb  1 2016
Copyright (c) 2011-2015 Nguyen Lam Tung, Olga Chernomor, Arndt von Haeseler and Bui Quang Minh.

Host:    Onua-Nuva (AVX2, FMA3, 7 GB RAM)
Command: iqtree-omp -s baits_cat_mod10.fasta -m HKY+G4+I -bb 1000 -nt 4
Seed:    891335 (Using SPRNG - Scalable Parallel Random Number Generator)
Time:    Mon Jun 19 14:29:18 2017
Kernel:  AVX - 4 threads (4 CPU cores detected)

Reading alignment file baits_cat_mod10.fasta ... Fasta format detected
Alignment most likely contains DNA/RNA sequences
Alignment has 21 sequences with 7380 columns and 904 patterns (635 informative sites)
                  Gap/Ambiguity  Composition  p-value
   1  Common_Rosefinch    0.00%    passed     97.59%
   2  Poouli              0.00%    passed     93.73%
   3  Maui_Creeper        0.00%    passed     99.68%
   4  Kauai_Creeper       0.00%    passed     94.98%
   5  Palila              0.00%    passed     93.61%
   6  Nihoa_Finch         0.00%    passed     92.16%
   7  Laysan_Finch        0.00%    passed     92.53%
   8  Iiwi                0.00%    passed     99.26%
   9  Akohekohe           0.00%    passed     99.64%
  10  Apapane             0.00%    passed     98.97%
  11  Akiapolaau          0.00%    passed     99.96%
  12  Maui_Parrotbill     0.00%    passed     99.43%
  13  Anianiau            0.00%    passed     99.71%
  14  Hawaii_Creeper      0.00%    passed     99.19%
  15  Kauai_Akepa         0.00%    passed     98.86%
  16  Akepa               0.00%    passed     99.52%
  17  Kauai_Amakihi       0.00%    passed     99.50%
  18  Oahu_Amakihi        0.00%    passed     99.22%
  19  Maui_Amakihi        0.00%    passed     99.75%
  20  Hawaii_AmakihiA     0.00%    passed     99.96%
  21  Hawaii_AmakihiB     0.00%    passed     99.88%
****  TOTAL               0.00%  0 sequences failed composition chi2 test (p-value<5%; df=3)

Create initial parsimony tree by phylogenetic likelihood library (PLL)... 0.001 seconds
Generating 1000 samples for ultrafast bootstrap...
Max candidate trees (tau): 2100

NOTE: 6 MB RAM is required!
Estimate model parameters (epsilon = 0.100)
1. Initial log-likelihood: -24287.310
2. Current log-likelihood: -23848.076
3. Current log-likelihood: -23844.730
4. Current log-likelihood: -23844.115
5. Current log-likelihood: -23843.597
6. Current log-likelihood: -23843.154
7. Current log-likelihood: -23842.760
8. Current log-likelihood: -23842.424
9. Current log-likelihood: -23842.133
10. Current log-likelihood: -23841.884
11. Current log-likelihood: -23841.667
12. Current log-likelihood: -23841.491
13. Current log-likelihood: -23841.347
14. Current log-likelihood: -23841.233
Optimal log-likelihood: -23841.138
Rate parameters:  A-C: 1.000  A-G: 1.695  A-T: 1.000  C-G: 1.000  C-T: 1.695  G-T: 1.000
Base frequencies:   A: 0.244  C: 0.249  G: 0.252  T: 0.256
Proportion of invariable sites: 0.279
Gamma shape alpha: 0.158
Parameters optimization took 14 rounds (0.446 sec)

--------------------------------------------------------------------
|             INITIALIZING CANDIDATE TREE SET                      |
--------------------------------------------------------------------
Computing ML distances based on estimated model parameters... 0.008 sec
Computing BIONJ tree...
0.001 seconds
Log-likelihood of BIONJ tree: -23841.138
Generating 99 parsimony trees... 0.157 seconds 1 distinct starting trees
Computing log-likelihood of 1 initial trees ... 0.000 seconds
Optimizing top 1 initial trees with NNI...
Iteration 1 / LogL: -23841.138 / Time: 0h:0m:0s
Estimate model parameters (epsilon = 0.100)
BETTER SCORE FOUND at iteration 1: -23841.061
Average CPU time for 1 NNI search: 0.200
Finish initializing candidate tree set. Number of distinct locally optimal trees: 1
Current best tree score: -23841.061 / CPU time: 0.360
--------------------------------------------------------------------
|               OPTIMIZING CANDIDATE TREE SET                      |
--------------------------------------------------------------------
Iteration 10 / LogL: -23841.095 / Time: 0h:0m:1s
Iteration 20 / LogL: -23841.759 / Time: 0h:0m:2s (0h:0m:9s left)
Iteration 30 / LogL: -23841.062 / Time: 0h:0m:3s (0h:0m:7s left)
Iteration 40 / LogL: -23841.104 / Time: 0h:0m:3s (0h:0m:5s left)
Iteration 50 / LogL: -23841.061 / Time: 0h:0m:4s (0h:0m:4s left)
NOTE: 1979 bootstrap candidate trees evaluated (logl-cutoff: -23891.765)
Iteration 60 / LogL: -23841.071 / Time: 0h:0m:5s (0h:0m:3s left)
Iteration 70 / LogL: -23841.062 / Time: 0h:0m:6s (0h:0m:2s left)
Iteration 80 / LogL: -23841.936 / Time: 0h:0m:7s (0h:0m:1s left)
Iteration 90 / LogL: -23841.066 / Time: 0h:0m:7s (0h:0m:0s left)
Iteration 100 / LogL: -23841.076 / Time: 0h:0m:8s (0h:0m:0s left)
NOTE: 5497 bootstrap candidate trees evaluated (logl-cutoff: -24075.937)
NOTE: Bootstrap correlation coefficient of split occurrence frequencies: 1.000
TREE SEARCH COMPLETED AFTER 101 ITERATIONS / Time: 0h:0m:8s

--------------------------------------------------------------------
|                    FINALIZING TREE SEARCH                        |
--------------------------------------------------------------------
Performs final model parameters optimization
Estimate model parameters (epsilon = 0.010)
1. Initial log-likelihood: -23841.061
2. Current log-likelihood: -23840.997
3. Current log-likelihood: -23840.948
4. Current log-likelihood: -23840.911
5. Current log-likelihood: -23840.881
6. Current log-likelihood: -23840.856
7. Current log-likelihood: -23840.838
8. Current log-likelihood: -23840.823
9. Current log-likelihood: -23840.811
Optimal log-likelihood: -23840.801
Rate parameters:  A-C: 1.000  A-G: 1.694  A-T: 1.000  C-G: 1.000  C-T: 1.694  G-T: 1.000
Base frequencies:   A: 0.244  C: 0.249  G: 0.252  T: 0.256
Proportion of invariable sites: 0.246
Gamma shape alpha: 0.137
Parameters optimization took 9 rounds (0.266 sec)

BEST SCORE FOUND : -23840.801
Creating bootstrap support values...
Split supports printed to NEXUS file baits_cat_mod10.fasta.splits.nex
Total tree length: 0.333

Total number of iterations: 101
CPU time used for tree search: 30.808 sec (0h:0m:30s)
Wall-clock time used for tree search: 8.082 sec (0h:0m:8s)
Total CPU time used: 33.624 sec (0h:0m:33s)
Total wall-clock time used: 8.979 sec (0h:0m:8s)

Computing bootstrap consensus tree...
Reading input file baits_cat_mod10.fasta.splits.nex...
21 taxa and 55 splits.
Consensus tree written to baits_cat_mod10.fasta.contree
Log-likelihood of consensus tree: -23840.801
Reading input trees file baits_cat_mod10.fasta.contree

Analysis results written to: 
  IQ-TREE report:                baits_cat_mod10.fasta.iqtree
  Maximum-likelihood tree:       baits_cat_mod10.fasta.treefile
  Likelihood distances:          baits_cat_mod10.fasta.mldist

Ultrafast bootstrap approximation results written to:
  Split support values:          baits_cat_mod10.fasta.splits.nex
  Consensus tree:                baits_cat_mod10.fasta.contree
  Screen log file:               baits_cat_mod10.fasta.log

Date and Time: Mon Jun 19 14:29:28 2017
